2019-09-02T13:26:25.204003+0200 - Created %s: %s
2019-09-02T13:26:25.205060+0200 - Modified %s: %s
2019-09-02T13:26:25.206055+0200 - Modified %s: %s
2019-09-02T13:26:31.163726+0200 - Deleted %s: %s
2019-09-02T13:26:31.166985+0200 - Modified %s: %s
2019-09-02T13:27:53.145652+0200 - Created file: /tmp/0flist/hi
2019-09-02T13:27:53.148644+0200 - Modified directory: /tmp/0flist
2019-09-02T13:27:53.150484+0200 - Modified file: /tmp/0flist/hi
2019-09-02T15:13:38.995884+0200 - Modified file: /tmp/0flist/hi
2019-09-02T15:13:39.000282+0200 - Modified file: /tmp/0flist/hi
2019-09-02T15:34:03.156594+0200 - Modified file: /tmp/0flist/hi
2019-09-02T15:34:10.768474+0200 - Modified file: /tmp/0flist/hi
2019-09-02T15:34:27.820272+0200 - Deleted file: /tmp/0flist/hi
2019-09-02T15:34:27.824476+0200 - Modified directory: /tmp/0flist
2019-09-02T15:35:59.055987+0200 - Created file: /tmp/0flist/hi
2019-09-02T15:35:59.059908+0200 - Modified directory: /tmp/0flist
2019-09-02T15:35:59.066809+0200 - Modified file: /tmp/0flist/hi
2019-09-02T15:37:21.830806+0200 - Modified file: /tmp/0flist/hi
2019-09-02T15:37:26.873803+0200 - Deleted file: /tmp/0flist/hi
2019-09-02T15:37:26.878789+0200 - Modified directory: /tmp/0flist
2019-09-02T15:44:10.757309+0200 - Created file: /tmp/0flist/hi
2019-09-02T15:44:10.760669+0200 - Modified directory: /tmp/0flist
2019-09-02T15:44:10.763684+0200 - Modified file: /tmp/0flist/hi
2019-09-02T15:44:58.038668+0200 - Modified file: /tmp/0flist/hi
2019-09-02T15:45:22.624361+0200 - Modified file: /tmp/0flist/hi
2019-09-02T15:45:27.418247+0200 - Deleted file: /tmp/0flist/hi
2019-09-02T15:45:27.422291+0200 - Modified directory: /tmp/0flist
2019-09-02T15:45:33.306437+0200 - Created file: /tmp/0flist/hi
2019-09-02T15:45:33.310753+0200 - Modified directory: /tmp/0flist
2019-09-02T15:45:33.316255+0200 - Modified file: /tmp/0flist/hi
2019-09-02T15:45:36.731715+0200 - Moved file: from /tmp/0flist/hi to /tmp/0flist/hello
2019-09-02T15:45:36.737003+0200 - Modified directory: /tmp/0flist
2019-09-02T15:46:08.758295+0200 - Modified file: /tmp/0flist/hello
2019-09-02T15:46:47.116968+0200 - Modified file: /tmp/0flist/hello
2019-09-02T15:46:56.381132+0200 - Modified file: /tmp/0flist/hello
2019-09-02T15:47:15.720230+0200 - Deleted file: /tmp/0flist/hello
2019-09-02T15:47:15.723163+0200 - Modified directory: /tmp/0flist
